<?xml version="1.0" encoding="UTF-8"?>
<!-- Generated by org.testng.reporters.JUnitReportReporter -->
<testsuite hostname="DESKTOP-2JGO8IH" failures="0" tests="1" name="test.CommonTest" time="11.434" errors="0" timestamp="2024-05-09T14:26:35 IST" skipped="0">
  <testcase classname="test.CommonTest" name="LoginActiTest" time="11.434"/>
</testsuite> <!-- test.CommonTest -->
