<?xml version="1.0" encoding="UTF-8"?>
<!-- Generated by org.testng.reporters.JUnitReportReporter -->
<testsuite hostname="DESKTOP-2JGO8IH" failures="0" tests="1" name="test.CommonTest" time="12.448" errors="0" timestamp="2024-05-09T18:41:55 IST" skipped="0">
  <testcase classname="test.CommonTest" name="LoginActiTest" time="12.448"/>
</testsuite> <!-- test.CommonTest -->
